-------------------------------------------------------------------------------
Test set: MyTest
-------------------------------------------------------------------------------
Tests run: 1, Failures: 1, Errors: 0, Skipped: 0, Time elapsed: 0.101 s <<< FAILURE! - in MyTest
test  Time elapsed: 0.07 s  <<< FAILURE!
org.opentest4j.AssertionFailedError: not implemented
	at MyTest.test(MyTest.java:9)

